2025-07-06 16:55:54,288 - [31m[1mWARNING: This is a development server. Do not use it in a production deployment. Use a production WSGI server instead.[0m
 * Running on http://127.0.0.1:5000
2025-07-06 16:55:54,305 - [33mPress CTRL+C to quit[0m
2025-07-06 16:55:54,321 -  * Restarting with stat
2025-07-06 16:56:01,877 -  * Debugger is active!
2025-07-06 16:56:01,881 -  * Debugger PIN: 113-905-724
2025-07-06 16:57:52,811 - 127.0.0.1 - - [06/Jul/2025 16:57:52] "GET / HTTP/1.1" 200 -
2025-07-06 16:57:53,710 - 127.0.0.1 - - [06/Jul/2025 16:57:53] "GET /static/css/styles.css HTTP/1.1" 200 -
2025-07-06 16:57:53,882 - 127.0.0.1 - - [06/Jul/2025 16:57:53] "GET /static/js/main.js HTTP/1.1" 200 -
2025-07-06 16:58:32,429 - HTTP Request: POST https://api.openai.com/v1/chat/completions "HTTP/1.1 429 Too Many Requests"
2025-07-06 16:58:32,429 - Retrying request to /chat/completions in 0.458877 seconds
2025-07-06 16:58:33,901 - HTTP Request: POST https://api.openai.com/v1/chat/completions "HTTP/1.1 429 Too Many Requests"
2025-07-06 16:58:33,901 - Retrying request to /chat/completions in 0.844769 seconds
2025-07-06 16:58:36,025 - HTTP Request: POST https://api.openai.com/v1/chat/completions "HTTP/1.1 429 Too Many Requests"
2025-07-06 16:58:39,741 - 127.0.0.1 - - [06/Jul/2025 16:58:39] "POST /symptom HTTP/1.1" 200 -
2025-07-06 16:58:40,593 - HTTP Request: POST https://api.openai.com/v1/chat/completions "HTTP/1.1 429 Too Many Requests"
2025-07-06 16:58:40,593 - Retrying request to /chat/completions in 0.410856 seconds
2025-07-06 16:58:41,937 - HTTP Request: POST https://api.openai.com/v1/chat/completions "HTTP/1.1 429 Too Many Requests"
2025-07-06 16:58:41,937 - Retrying request to /chat/completions in 0.945688 seconds
2025-07-06 16:58:44,745 - HTTP Request: POST https://api.openai.com/v1/chat/completions "HTTP/1.1 429 Too Many Requests"
2025-07-06 16:58:44,745 - 127.0.0.1 - - [06/Jul/2025 16:58:44] "POST /symptom HTTP/1.1" 200 -
2025-07-06 17:56:48,623 - [31m[1mWARNING: This is a development server. Do not use it in a production deployment. Use a production WSGI server instead.[0m
 * Running on http://127.0.0.1:5000
2025-07-06 17:56:49,110 - [33mPress CTRL+C to quit[0m
2025-07-06 17:56:49,361 -  * Restarting with stat
2025-07-06 17:57:00,862 -  * Debugger is active!
2025-07-06 17:57:00,877 -  * Debugger PIN: 113-905-724
2025-07-06 18:09:21,067 - [31m[1mWARNING: This is a development server. Do not use it in a production deployment. Use a production WSGI server instead.[0m
 * Running on http://127.0.0.1:5000
2025-07-06 18:09:21,067 - [33mPress CTRL+C to quit[0m
2025-07-06 18:14:29,438 - 127.0.0.1 - - [06/Jul/2025 18:14:29] "GET / HTTP/1.1" 200 -
2025-07-06 18:14:29,930 - 127.0.0.1 - - [06/Jul/2025 18:14:29] "[36mGET /static/js/main.js HTTP/1.1[0m" 304 -
2025-07-06 18:14:29,930 - 127.0.0.1 - - [06/Jul/2025 18:14:29] "[36mGET /static/css/styles.css HTTP/1.1[0m" 304 -
2025-07-06 18:14:37,975 - 127.0.0.1 - - [06/Jul/2025 18:14:37] "POST /start HTTP/1.1" 200 -
2025-07-06 18:14:59,571 - 127.0.0.1 - - [06/Jul/2025 18:14:59] "POST /symptom HTTP/1.1" 200 -
2025-07-06 18:14:59,671 - 127.0.0.1 - - [06/Jul/2025 18:14:59] "POST /symptom HTTP/1.1" 200 -
2025-07-06 18:15:06,681 - 127.0.0.1 - - [06/Jul/2025 18:15:06] "POST /symptom HTTP/1.1" 200 -
2025-07-06 18:15:26,446 - Could not get image data from src attribute: /static/img/logo.jpg
'<img src="/static/img/logo.jpg" alt="DiagnoseAI Logo" class="logo"/>'
2025-07-06 18:15:26,446 - Could not get image data from src attribute: /static/img/logo.jpg
'<img src="/static/img/logo.jpg" alt="DiagnoseAI Logo" class="logo"/>'
2025-07-06 18:15:26,496 - 127.0.0.1 - - [06/Jul/2025 18:15:26] "GET /download_pdf HTTP/1.1" 200 -
2025-07-06 18:15:26,499 - 127.0.0.1 - - [06/Jul/2025 18:15:26] "GET /download_pdf HTTP/1.1" 200 -
2025-07-06 18:16:23,137 - 127.0.0.1 - - [06/Jul/2025 18:16:23] "[33mGET /.well-known/appspecific/com.chrome.devtools.json HTTP/1.1[0m" 404 -
2025-07-06 18:16:23,281 - 127.0.0.1 - - [06/Jul/2025 18:16:23] "[36mGET /static/css/styles.css HTTP/1.1[0m" 304 -
2025-07-06 18:16:24,763 - 127.0.0.1 - - [06/Jul/2025 18:16:24] "GET / HTTP/1.1" 200 -
2025-07-06 18:16:24,787 - 127.0.0.1 - - [06/Jul/2025 18:16:24] "[36mGET /static/css/styles.css HTTP/1.1[0m" 304 -
2025-07-06 18:16:24,811 - 127.0.0.1 - - [06/Jul/2025 18:16:24] "[36mGET /static/js/main.js HTTP/1.1[0m" 304 -
2025-07-06 18:16:24,817 - 127.0.0.1 - - [06/Jul/2025 18:16:24] "[33mGET /.well-known/appspecific/com.chrome.devtools.json HTTP/1.1[0m" 404 -
2025-07-06 18:16:45,433 - 127.0.0.1 - - [06/Jul/2025 18:16:45] "POST /symptom HTTP/1.1" 200 -
2025-07-06 18:16:51,984 - 127.0.0.1 - - [06/Jul/2025 18:16:51] "POST /symptom HTTP/1.1" 200 -
2025-07-06 18:16:57,025 - Could not get image data from src attribute: /static/img/logo.jpg
'<img src="/static/img/logo.jpg" alt="DiagnoseAI Logo" class="logo"/>'
2025-07-06 18:16:57,047 - 127.0.0.1 - - [06/Jul/2025 18:16:57] "GET /download_pdf HTTP/1.1" 200 -
2025-07-06 18:16:57,062 - Could not get image data from src attribute: /static/img/logo.jpg
'<img src="/static/img/logo.jpg" alt="DiagnoseAI Logo" class="logo"/>'
2025-07-06 18:16:57,078 - 127.0.0.1 - - [06/Jul/2025 18:16:57] "GET /download_pdf HTTP/1.1" 200 -
2025-07-06 18:45:35,357 - [31m[1mWARNING: This is a development server. Do not use it in a production deployment. Use a production WSGI server instead.[0m
 * Running on http://127.0.0.1:5000
2025-07-06 18:45:35,357 - [33mPress CTRL+C to quit[0m
2025-07-06 18:47:03,467 - 127.0.0.1 - - [06/Jul/2025 18:47:03] "GET / HTTP/1.1" 200 -
2025-07-06 18:47:03,639 - 127.0.0.1 - - [06/Jul/2025 18:47:03] "GET /static/js/main.js HTTP/1.1" 200 -
2025-07-06 18:47:04,105 - 127.0.0.1 - - [06/Jul/2025 18:47:04] "GET /static/css/styles.css HTTP/1.1" 200 -
2025-07-06 18:47:19,379 - 127.0.0.1 - - [06/Jul/2025 18:47:19] "POST /start HTTP/1.1" 200 -
2025-07-06 18:47:44,833 - 127.0.0.1 - - [06/Jul/2025 18:47:44] "POST /symptom HTTP/1.1" 200 -
2025-07-06 18:47:44,870 - 127.0.0.1 - - [06/Jul/2025 18:47:44] "POST /symptom HTTP/1.1" 200 -
2025-07-06 18:47:45,184 - 127.0.0.1 - - [06/Jul/2025 18:47:45] "POST /symptom HTTP/1.1" 200 -
2025-07-06 18:47:50,062 - 127.0.0.1 - - [06/Jul/2025 18:47:50] "POST /symptom HTTP/1.1" 200 -
2025-07-06 19:02:57,068 - 127.0.0.1 - - [06/Jul/2025 19:02:57] "GET / HTTP/1.1" 200 -
2025-07-06 19:02:57,084 - 127.0.0.1 - - [06/Jul/2025 19:02:57] "[36mGET /static/css/styles.css HTTP/1.1[0m" 304 -
2025-07-06 19:02:58,296 - 127.0.0.1 - - [06/Jul/2025 19:02:58] "GET /static/js/main.js HTTP/1.1" 200 -
2025-07-06 19:02:58,630 - 127.0.0.1 - - [06/Jul/2025 19:02:58] "[33mGET /favicon.ico HTTP/1.1[0m" 404 -
2025-07-06 19:03:26,731 - 127.0.0.1 - - [06/Jul/2025 19:03:26] "[33mPOST /ask_ai HTTP/1.1[0m" 404 -
2025-07-06 19:09:28,899 - 127.0.0.1 - - [06/Jul/2025 19:09:28] "GET / HTTP/1.1" 200 -
2025-07-06 19:09:28,920 - 127.0.0.1 - - [06/Jul/2025 19:09:28] "[36mGET /static/css/styles.css HTTP/1.1[0m" 304 -
2025-07-06 19:09:29,169 - 127.0.0.1 - - [06/Jul/2025 19:09:29] "[36mGET /static/js/main.js HTTP/1.1[0m" 304 -
2025-07-06 19:09:45,083 - 127.0.0.1 - - [06/Jul/2025 19:09:45] "[33mPOST /ask_ai HTTP/1.1[0m" 404 -
2025-07-06 19:09:48,713 - 127.0.0.1 - - [06/Jul/2025 19:09:48] "GET / HTTP/1.1" 200 -
2025-07-06 19:09:49,031 - 127.0.0.1 - - [06/Jul/2025 19:09:49] "[36mGET /static/css/styles.css HTTP/1.1[0m" 304 -
2025-07-06 19:09:49,033 - 127.0.0.1 - - [06/Jul/2025 19:09:49] "[36mGET /static/js/main.js HTTP/1.1[0m" 304 -
2025-07-06 19:09:59,728 - 127.0.0.1 - - [06/Jul/2025 19:09:59] "[33mPOST /ask_ai HTTP/1.1[0m" 404 -
2025-07-06 19:16:05,487 - [31m[1mWARNING: This is a development server. Do not use it in a production deployment. Use a production WSGI server instead.[0m
 * Running on http://127.0.0.1:5000
2025-07-06 19:16:05,488 - [33mPress CTRL+C to quit[0m
2025-07-06 19:16:18,202 - 127.0.0.1 - - [06/Jul/2025 19:16:18] "GET / HTTP/1.1" 200 -
2025-07-06 19:16:18,914 - 127.0.0.1 - - [06/Jul/2025 19:16:18] "GET /static/js/main.js HTTP/1.1" 200 -
2025-07-06 19:16:18,934 - 127.0.0.1 - - [06/Jul/2025 19:16:18] "GET /static/css/styles.css HTTP/1.1" 200 -
2025-07-06 19:16:30,556 - 127.0.0.1 - - [06/Jul/2025 19:16:30] "POST /start HTTP/1.1" 200 -
2025-07-06 19:17:04,452 - 127.0.0.1 - - [06/Jul/2025 19:17:04] "POST /symptom HTTP/1.1" 200 -
2025-07-06 19:17:04,498 - 127.0.0.1 - - [06/Jul/2025 19:17:04] "POST /symptom HTTP/1.1" 200 -
2025-07-06 19:17:05,616 - 127.0.0.1 - - [06/Jul/2025 19:17:05] "POST /symptom HTTP/1.1" 200 -
2025-07-06 19:17:28,479 - 127.0.0.1 - - [06/Jul/2025 19:17:28] "POST /symptom HTTP/1.1" 200 -
2025-07-06 19:17:56,641 - Could not get image data from src attribute: /static/img/logo.jpg
'<img src="/static/img/logo.jpg" alt="DiagnoseAI Logo" class="logo"/>'
2025-07-06 19:17:56,674 - Could not get image data from src attribute: /static/img/logo.jpg
'<img src="/static/img/logo.jpg" alt="DiagnoseAI Logo" class="logo"/>'
2025-07-06 19:17:56,758 - 127.0.0.1 - - [06/Jul/2025 19:17:56] "GET /download_pdf HTTP/1.1" 200 -
2025-07-06 19:17:56,758 - 127.0.0.1 - - [06/Jul/2025 19:17:56] "GET /download_pdf HTTP/1.1" 200 -
2025-07-06 20:48:41,799 - [31m[1mWARNING: This is a development server. Do not use it in a production deployment. Use a production WSGI server instead.[0m
 * Running on http://127.0.0.1:5000
2025-07-06 20:48:41,821 - [33mPress CTRL+C to quit[0m
2025-07-06 20:48:53,674 - 127.0.0.1 - - [06/Jul/2025 20:48:53] "GET / HTTP/1.1" 200 -
2025-07-06 20:48:53,906 - 127.0.0.1 - - [06/Jul/2025 20:48:53] "GET /static/css/styles.css HTTP/1.1" 200 -
2025-07-06 20:48:53,911 - 127.0.0.1 - - [06/Jul/2025 20:48:53] "GET /static/js/main.js HTTP/1.1" 200 -
2025-07-06 20:48:55,625 - 127.0.0.1 - - [06/Jul/2025 20:48:55] "[33mGET /favicon.ico HTTP/1.1[0m" 404 -
2025-07-06 20:49:19,395 - 127.0.0.1 - - [06/Jul/2025 20:49:19] "POST /ask_ai HTTP/1.1" 200 -
2025-07-06 20:53:13,133 - 127.0.0.1 - - [06/Jul/2025 20:53:13] "GET / HTTP/1.1" 200 -
2025-07-06 20:53:13,149 - 127.0.0.1 - - [06/Jul/2025 20:53:13] "[36mGET /static/css/styles.css HTTP/1.1[0m" 304 -
2025-07-06 20:53:13,153 - 127.0.0.1 - - [06/Jul/2025 20:53:13] "[36mGET /static/js/main.js HTTP/1.1[0m" 304 -
2025-07-06 20:53:38,421 - 127.0.0.1 - - [06/Jul/2025 20:53:38] "POST /ask_ai HTTP/1.1" 200 -
2025-09-01 21:44:05,303 - [31m[1mWARNING: This is a development server. Do not use it in a production deployment. Use a production WSGI server instead.[0m
 * Running on http://127.0.0.1:5000
2025-09-01 21:44:05,303 - [33mPress CTRL+C to quit[0m
2025-09-01 21:45:16,725 - 127.0.0.1 - - [01/Sep/2025 21:45:16] "GET / HTTP/1.1" 200 -
2025-09-01 21:45:16,961 - 127.0.0.1 - - [01/Sep/2025 21:45:16] "GET /static/css/styles.css HTTP/1.1" 200 -
2025-09-01 21:45:17,033 - 127.0.0.1 - - [01/Sep/2025 21:45:17] "GET /static/js/main.js HTTP/1.1" 200 -
2025-09-01 21:45:18,131 - 127.0.0.1 - - [01/Sep/2025 21:45:18] "[33mGET /favicon.ico HTTP/1.1[0m" 404 -
2025-09-01 21:45:43,995 - 127.0.0.1 - - [01/Sep/2025 21:45:43] "POST /start HTTP/1.1" 200 -
2025-09-01 21:46:05,215 - 127.0.0.1 - - [01/Sep/2025 21:46:05] "POST /symptom HTTP/1.1" 200 -
2025-09-01 21:46:05,273 - 127.0.0.1 - - [01/Sep/2025 21:46:05] "POST /symptom HTTP/1.1" 200 -
2025-09-01 21:46:27,698 - 127.0.0.1 - - [01/Sep/2025 21:46:27] "POST /ask_ai HTTP/1.1" 200 -
2025-09-01 21:51:09,425 - [31m[1mWARNING: This is a development server. Do not use it in a production deployment. Use a production WSGI server instead.[0m
 * Running on http://127.0.0.1:5000
2025-09-01 21:51:09,425 - [33mPress CTRL+C to quit[0m
2025-09-01 21:51:12,739 - 127.0.0.1 - - [01/Sep/2025 21:51:12] "GET / HTTP/1.1" 200 -
2025-09-01 21:51:13,765 - 127.0.0.1 - - [01/Sep/2025 21:51:13] "[36mGET /static/css/styles.css HTTP/1.1[0m" 304 -
2025-09-01 21:51:13,768 - 127.0.0.1 - - [01/Sep/2025 21:51:13] "[36mGET /static/js/main.js HTTP/1.1[0m" 304 -
2025-09-01 21:51:15,594 - 127.0.0.1 - - [01/Sep/2025 21:51:15] "GET / HTTP/1.1" 200 -
2025-09-01 21:51:15,616 - 127.0.0.1 - - [01/Sep/2025 21:51:15] "[36mGET /static/css/styles.css HTTP/1.1[0m" 304 -
2025-09-01 21:51:15,627 - 127.0.0.1 - - [01/Sep/2025 21:51:15] "[36mGET /static/js/main.js HTTP/1.1[0m" 304 -
2025-09-01 21:51:31,186 - 127.0.0.1 - - [01/Sep/2025 21:51:31] "POST /start HTTP/1.1" 200 -
2025-09-01 21:52:02,432 - 127.0.0.1 - - [01/Sep/2025 21:52:02] "POST /symptom HTTP/1.1" 200 -
2025-09-01 21:52:02,487 - 127.0.0.1 - - [01/Sep/2025 21:52:02] "POST /symptom HTTP/1.1" 200 -
2025-09-01 21:52:02,505 - 127.0.0.1 - - [01/Sep/2025 21:52:02] "POST /symptom HTTP/1.1" 200 -
2025-09-01 21:52:02,933 - 127.0.0.1 - - [01/Sep/2025 21:52:02] "POST /symptom HTTP/1.1" 200 -
2025-09-01 21:52:33,644 - 127.0.0.1 - - [01/Sep/2025 21:52:33] "POST /ask_ai HTTP/1.1" 200 -
2025-09-01 21:54:04,525 - @fontface, unknown value font-weight '300'

2025-09-01 21:54:06,066 - Error while parsing CSS file
Traceback (most recent call last):
  File "C:\Users\Sundram Rai\DiagnoseAI\.venv\lib\site-packages\reportlab\lib\utils.py", line 523, in open_for_read
    return open_for_read_by_name(name,mode)
  File "C:\Users\Sundram Rai\DiagnoseAI\.venv\lib\site-packages\reportlab\lib\utils.py", line 463, in open_for_read_by_name
    return open(name,mode)
PermissionError: [Errno 13] Permission denied: 'C:\\Users\\SUNDRA~1\\AppData\\Local\\Temp\\tmp644yn6er'

During handling of the above exception, another exception occurred:

Traceback (most recent call last):
  File "C:\Users\Sundram Rai\DiagnoseAI\.venv\lib\site-packages\reportlab\lib\utils.py", line 530, in open_for_read
    return BytesIO((datareader if name[:5].lower()=='data:' else rlUrlRead)(name))
  File "C:\Users\Sundram Rai\DiagnoseAI\.venv\lib\site-packages\reportlab\lib\utils.py", line 476, in rlUrlRead
    return urlopen(name).read()
  File "C:\Users\Sundram Rai\AppData\Local\Programs\Python\Python310\lib\urllib\request.py", line 216, in urlopen
    return opener.open(url, data, timeout)
  File "C:\Users\Sundram Rai\AppData\Local\Programs\Python\Python310\lib\urllib\request.py", line 519, in open
    response = self._open(req, data)
  File "C:\Users\Sundram Rai\AppData\Local\Programs\Python\Python310\lib\urllib\request.py", line 541, in _open
    return self._call_chain(self.handle_open, 'unknown',
  File "C:\Users\Sundram Rai\AppData\Local\Programs\Python\Python310\lib\urllib\request.py", line 496, in _call_chain
    result = func(*args)
  File "C:\Users\Sundram Rai\AppData\Local\Programs\Python\Python310\lib\urllib\request.py", line 1419, in unknown_open
    raise URLError('unknown url type: %s' % type)
urllib.error.URLError: <urlopen error unknown url type: c>

During handling of the above exception, another exception occurred:

Traceback (most recent call last):
  File "C:\Users\Sundram Rai\DiagnoseAI\.venv\lib\site-packages\reportlab\pdfbase\ttfonts.py", line 159, in TTFOpenFile
    f = open_for_read(fn,'rb')
  File "C:\Users\Sundram Rai\DiagnoseAI\.venv\lib\site-packages\reportlab\lib\utils.py", line 534, in open_for_read
    return open_for_read(name,mode)
  File "C:\Users\Sundram Rai\DiagnoseAI\.venv\lib\site-packages\reportlab\lib\utils.py", line 532, in open_for_read
    raise IOError('Cannot open resource "%s"' % name)
OSError: Cannot open resource "C:\Users\SUNDRA~1\AppData\Local\Temp\tmp644yn6er"

During handling of the above exception, another exception occurred:

Traceback (most recent call last):
  File "C:\Users\Sundram Rai\DiagnoseAI\.venv\lib\site-packages\xhtml2pdf\context.py", line 519, in parseExternal
    result = self.parse(cssFile.getData())
  File "C:\Users\Sundram Rai\DiagnoseAI\.venv\lib\site-packages\xhtml2pdf\w3c\cssParser.py", line 458, in parse
    src, stylesheet = self._parseStylesheet(src)
  File "C:\Users\Sundram Rai\DiagnoseAI\.venv\lib\site-packages\xhtml2pdf\w3c\cssParser.py", line 561, in _parseStylesheet
    src, atResults = self._parseAtKeyword(src)
  File "C:\Users\Sundram Rai\DiagnoseAI\.venv\lib\site-packages\xhtml2pdf\w3c\cssParser.py", line 685, in _parseAtKeyword
    src, result = self._parseAtFontFace(src)
  File "C:\Users\Sundram Rai\DiagnoseAI\.venv\lib\site-packages\xhtml2pdf\w3c\cssParser.py", line 866, in _parseAtFontFace
    result = [self.cssBuilder.atFontFace(properties)]
  File "C:\Users\Sundram Rai\DiagnoseAI\.venv\lib\site-packages\xhtml2pdf\context.py", line 221, in atFontFace
    self.c.loadFont(names, src, bold=bold, italic=italic)
  File "C:\Users\Sundram Rai\DiagnoseAI\.venv\lib\site-packages\xhtml2pdf\context.py", line 1116, in loadFont
    file = TTFont(fullFontName, filename)
  File "C:\Users\Sundram Rai\DiagnoseAI\.venv\lib\site-packages\reportlab\pdfbase\ttfonts.py", line 1207, in __init__
    self.face = TTFontFace(filename, validate=validate, subfontIndex=subfontIndex)
  File "C:\Users\Sundram Rai\DiagnoseAI\.venv\lib\site-packages\reportlab\pdfbase\ttfonts.py", line 1088, in __init__
    TTFontFile.__init__(self, filename, validate=validate, subfontIndex=subfontIndex)
  File "C:\Users\Sundram Rai\DiagnoseAI\.venv\lib\site-packages\reportlab\pdfbase\ttfonts.py", line 447, in __init__
    TTFontParser.__init__(self, file, validate=validate,subfontIndex=subfontIndex)
  File "C:\Users\Sundram Rai\DiagnoseAI\.venv\lib\site-packages\reportlab\pdfbase\ttfonts.py", line 183, in __init__
    self.readFile(file)
  File "C:\Users\Sundram Rai\DiagnoseAI\.venv\lib\site-packages\reportlab\pdfbase\ttfonts.py", line 259, in readFile
    self.filename, f = TTFOpenFile(f)
  File "C:\Users\Sundram Rai\DiagnoseAI\.venv\lib\site-packages\reportlab\pdfbase\ttfonts.py", line 169, in TTFOpenFile
    raise TTFError('Can\'t open file "%s"' % fn)
reportlab.pdfbase.ttfonts.TTFError: Can't open file "C:\Users\SUNDRA~1\AppData\Local\Temp\tmp644yn6er"
2025-09-01 21:54:06,824 - 127.0.0.1 - - [01/Sep/2025 21:54:06] "[35m[1mGET /download_pdf HTTP/1.1[0m" 500 -
2025-09-01 21:54:17,067 - @fontface, unknown value font-weight '300'

2025-09-01 21:54:18,965 - Error while parsing CSS file
Traceback (most recent call last):
  File "C:\Users\Sundram Rai\DiagnoseAI\.venv\lib\site-packages\reportlab\lib\utils.py", line 523, in open_for_read
    return open_for_read_by_name(name,mode)
  File "C:\Users\Sundram Rai\DiagnoseAI\.venv\lib\site-packages\reportlab\lib\utils.py", line 463, in open_for_read_by_name
    return open(name,mode)
PermissionError: [Errno 13] Permission denied: 'C:\\Users\\SUNDRA~1\\AppData\\Local\\Temp\\tmpe9k6j070'

During handling of the above exception, another exception occurred:

Traceback (most recent call last):
  File "C:\Users\Sundram Rai\DiagnoseAI\.venv\lib\site-packages\reportlab\lib\utils.py", line 530, in open_for_read
    return BytesIO((datareader if name[:5].lower()=='data:' else rlUrlRead)(name))
  File "C:\Users\Sundram Rai\DiagnoseAI\.venv\lib\site-packages\reportlab\lib\utils.py", line 476, in rlUrlRead
    return urlopen(name).read()
  File "C:\Users\Sundram Rai\AppData\Local\Programs\Python\Python310\lib\urllib\request.py", line 216, in urlopen
    return opener.open(url, data, timeout)
  File "C:\Users\Sundram Rai\AppData\Local\Programs\Python\Python310\lib\urllib\request.py", line 519, in open
    response = self._open(req, data)
  File "C:\Users\Sundram Rai\AppData\Local\Programs\Python\Python310\lib\urllib\request.py", line 541, in _open
    return self._call_chain(self.handle_open, 'unknown',
  File "C:\Users\Sundram Rai\AppData\Local\Programs\Python\Python310\lib\urllib\request.py", line 496, in _call_chain
    result = func(*args)
  File "C:\Users\Sundram Rai\AppData\Local\Programs\Python\Python310\lib\urllib\request.py", line 1419, in unknown_open
    raise URLError('unknown url type: %s' % type)
urllib.error.URLError: <urlopen error unknown url type: c>

During handling of the above exception, another exception occurred:

Traceback (most recent call last):
  File "C:\Users\Sundram Rai\DiagnoseAI\.venv\lib\site-packages\reportlab\pdfbase\ttfonts.py", line 159, in TTFOpenFile
    f = open_for_read(fn,'rb')
  File "C:\Users\Sundram Rai\DiagnoseAI\.venv\lib\site-packages\reportlab\lib\utils.py", line 532, in open_for_read
    raise IOError('Cannot open resource "%s"' % name)
OSError: Cannot open resource "C:\Users\SUNDRA~1\AppData\Local\Temp\tmpe9k6j070"

During handling of the above exception, another exception occurred:

Traceback (most recent call last):
  File "C:\Users\Sundram Rai\DiagnoseAI\.venv\lib\site-packages\xhtml2pdf\context.py", line 519, in parseExternal
    result = self.parse(cssFile.getData())
  File "C:\Users\Sundram Rai\DiagnoseAI\.venv\lib\site-packages\xhtml2pdf\w3c\cssParser.py", line 458, in parse
    src, stylesheet = self._parseStylesheet(src)
  File "C:\Users\Sundram Rai\DiagnoseAI\.venv\lib\site-packages\xhtml2pdf\w3c\cssParser.py", line 561, in _parseStylesheet
    src, atResults = self._parseAtKeyword(src)
  File "C:\Users\Sundram Rai\DiagnoseAI\.venv\lib\site-packages\xhtml2pdf\w3c\cssParser.py", line 685, in _parseAtKeyword
    src, result = self._parseAtFontFace(src)
  File "C:\Users\Sundram Rai\DiagnoseAI\.venv\lib\site-packages\xhtml2pdf\w3c\cssParser.py", line 866, in _parseAtFontFace
    result = [self.cssBuilder.atFontFace(properties)]
  File "C:\Users\Sundram Rai\DiagnoseAI\.venv\lib\site-packages\xhtml2pdf\context.py", line 221, in atFontFace
    self.c.loadFont(names, src, bold=bold, italic=italic)
  File "C:\Users\Sundram Rai\DiagnoseAI\.venv\lib\site-packages\xhtml2pdf\context.py", line 1116, in loadFont
    file = TTFont(fullFontName, filename)
  File "C:\Users\Sundram Rai\DiagnoseAI\.venv\lib\site-packages\reportlab\pdfbase\ttfonts.py", line 1207, in __init__
    self.face = TTFontFace(filename, validate=validate, subfontIndex=subfontIndex)
  File "C:\Users\Sundram Rai\DiagnoseAI\.venv\lib\site-packages\reportlab\pdfbase\ttfonts.py", line 1088, in __init__
    TTFontFile.__init__(self, filename, validate=validate, subfontIndex=subfontIndex)
  File "C:\Users\Sundram Rai\DiagnoseAI\.venv\lib\site-packages\reportlab\pdfbase\ttfonts.py", line 447, in __init__
    TTFontParser.__init__(self, file, validate=validate,subfontIndex=subfontIndex)
  File "C:\Users\Sundram Rai\DiagnoseAI\.venv\lib\site-packages\reportlab\pdfbase\ttfonts.py", line 183, in __init__
    self.readFile(file)
  File "C:\Users\Sundram Rai\DiagnoseAI\.venv\lib\site-packages\reportlab\pdfbase\ttfonts.py", line 259, in readFile
    self.filename, f = TTFOpenFile(f)
  File "C:\Users\Sundram Rai\DiagnoseAI\.venv\lib\site-packages\reportlab\pdfbase\ttfonts.py", line 169, in TTFOpenFile
    raise TTFError('Can\'t open file "%s"' % fn)
reportlab.pdfbase.ttfonts.TTFError: Can't open file "C:\Users\SUNDRA~1\AppData\Local\Temp\tmpe9k6j070"
2025-09-01 21:54:19,293 - 127.0.0.1 - - [01/Sep/2025 21:54:19] "[35m[1mGET /download_pdf HTTP/1.1[0m" 500 -
2025-09-01 21:54:38,421 - @fontface, unknown value font-weight '300'

2025-09-01 21:54:39,949 - Error while parsing CSS file
Traceback (most recent call last):
  File "C:\Users\Sundram Rai\DiagnoseAI\.venv\lib\site-packages\reportlab\lib\utils.py", line 523, in open_for_read
    return open_for_read_by_name(name,mode)
  File "C:\Users\Sundram Rai\DiagnoseAI\.venv\lib\site-packages\reportlab\lib\utils.py", line 463, in open_for_read_by_name
    return open(name,mode)
PermissionError: [Errno 13] Permission denied: 'C:\\Users\\SUNDRA~1\\AppData\\Local\\Temp\\tmp3cop5h47'

During handling of the above exception, another exception occurred:

Traceback (most recent call last):
  File "C:\Users\Sundram Rai\DiagnoseAI\.venv\lib\site-packages\reportlab\lib\utils.py", line 530, in open_for_read
    return BytesIO((datareader if name[:5].lower()=='data:' else rlUrlRead)(name))
  File "C:\Users\Sundram Rai\DiagnoseAI\.venv\lib\site-packages\reportlab\lib\utils.py", line 476, in rlUrlRead
    return urlopen(name).read()
  File "C:\Users\Sundram Rai\AppData\Local\Programs\Python\Python310\lib\urllib\request.py", line 216, in urlopen
    return opener.open(url, data, timeout)
  File "C:\Users\Sundram Rai\AppData\Local\Programs\Python\Python310\lib\urllib\request.py", line 519, in open
    response = self._open(req, data)
  File "C:\Users\Sundram Rai\AppData\Local\Programs\Python\Python310\lib\urllib\request.py", line 541, in _open
    return self._call_chain(self.handle_open, 'unknown',
  File "C:\Users\Sundram Rai\AppData\Local\Programs\Python\Python310\lib\urllib\request.py", line 496, in _call_chain
    result = func(*args)
  File "C:\Users\Sundram Rai\AppData\Local\Programs\Python\Python310\lib\urllib\request.py", line 1419, in unknown_open
    raise URLError('unknown url type: %s' % type)
urllib.error.URLError: <urlopen error unknown url type: c>

During handling of the above exception, another exception occurred:

Traceback (most recent call last):
  File "C:\Users\Sundram Rai\DiagnoseAI\.venv\lib\site-packages\reportlab\pdfbase\ttfonts.py", line 159, in TTFOpenFile
    f = open_for_read(fn,'rb')
  File "C:\Users\Sundram Rai\DiagnoseAI\.venv\lib\site-packages\reportlab\lib\utils.py", line 532, in open_for_read
    raise IOError('Cannot open resource "%s"' % name)
OSError: Cannot open resource "C:\Users\SUNDRA~1\AppData\Local\Temp\tmp3cop5h47"

During handling of the above exception, another exception occurred:

Traceback (most recent call last):
  File "C:\Users\Sundram Rai\DiagnoseAI\.venv\lib\site-packages\xhtml2pdf\context.py", line 519, in parseExternal
    result = self.parse(cssFile.getData())
  File "C:\Users\Sundram Rai\DiagnoseAI\.venv\lib\site-packages\xhtml2pdf\w3c\cssParser.py", line 458, in parse
    src, stylesheet = self._parseStylesheet(src)
  File "C:\Users\Sundram Rai\DiagnoseAI\.venv\lib\site-packages\xhtml2pdf\w3c\cssParser.py", line 561, in _parseStylesheet
    src, atResults = self._parseAtKeyword(src)
  File "C:\Users\Sundram Rai\DiagnoseAI\.venv\lib\site-packages\xhtml2pdf\w3c\cssParser.py", line 685, in _parseAtKeyword
    src, result = self._parseAtFontFace(src)
  File "C:\Users\Sundram Rai\DiagnoseAI\.venv\lib\site-packages\xhtml2pdf\w3c\cssParser.py", line 866, in _parseAtFontFace
    result = [self.cssBuilder.atFontFace(properties)]
  File "C:\Users\Sundram Rai\DiagnoseAI\.venv\lib\site-packages\xhtml2pdf\context.py", line 221, in atFontFace
    self.c.loadFont(names, src, bold=bold, italic=italic)
  File "C:\Users\Sundram Rai\DiagnoseAI\.venv\lib\site-packages\xhtml2pdf\context.py", line 1116, in loadFont
    file = TTFont(fullFontName, filename)
  File "C:\Users\Sundram Rai\DiagnoseAI\.venv\lib\site-packages\reportlab\pdfbase\ttfonts.py", line 1207, in __init__
    self.face = TTFontFace(filename, validate=validate, subfontIndex=subfontIndex)
  File "C:\Users\Sundram Rai\DiagnoseAI\.venv\lib\site-packages\reportlab\pdfbase\ttfonts.py", line 1088, in __init__
    TTFontFile.__init__(self, filename, validate=validate, subfontIndex=subfontIndex)
  File "C:\Users\Sundram Rai\DiagnoseAI\.venv\lib\site-packages\reportlab\pdfbase\ttfonts.py", line 447, in __init__
    TTFontParser.__init__(self, file, validate=validate,subfontIndex=subfontIndex)
  File "C:\Users\Sundram Rai\DiagnoseAI\.venv\lib\site-packages\reportlab\pdfbase\ttfonts.py", line 183, in __init__
    self.readFile(file)
  File "C:\Users\Sundram Rai\DiagnoseAI\.venv\lib\site-packages\reportlab\pdfbase\ttfonts.py", line 259, in readFile
    self.filename, f = TTFOpenFile(f)
  File "C:\Users\Sundram Rai\DiagnoseAI\.venv\lib\site-packages\reportlab\pdfbase\ttfonts.py", line 169, in TTFOpenFile
    raise TTFError('Can\'t open file "%s"' % fn)
reportlab.pdfbase.ttfonts.TTFError: Can't open file "C:\Users\SUNDRA~1\AppData\Local\Temp\tmp3cop5h47"
2025-09-01 21:54:40,280 - 127.0.0.1 - - [01/Sep/2025 21:54:40] "[35m[1mGET /download_pdf HTTP/1.1[0m" 500 -
